-------------------------------------------------------------------------------
Test set: com.softserve.itacademy.model.TaskTests
-------------------------------------------------------------------------------
Tests run: 14, Failures: 1, Errors: 0, Skipped: 0, Time elapsed: 0.003 s <<< FAILURE! - in com.softserve.itacademy.model.TaskTests
constraintViolationOnEmptyTaskName  Time elapsed: 0 s  <<< FAILURE!
org.opentest4j.AssertionFailedError: expected: <1> but was: <2>
	at com.softserve.itacademy.model.TaskTests.constraintViolationOnEmptyTaskName(TaskTests.java:26)

